<?xml version="1.0" encoding="UTF-8"?>
<robot generator="Robot 6.0.2 (Python 3.8.10 on linux)" generated="20240713 09:34:12.335" rpa="false" schemaversion="3">
<suite id="s1" name="Tracks" source="/home/felipe/VSCODE/robot-framework-api-spotify/tests/tracks.robot">
<test id="s1-t1" name="Listas musicas" line="7">
<kw name="GET Tracks" library="tracksRoute">
<var>${response}</var>
<kw name="Create Dictionary" library="BuiltIn">
<var>${headers}</var>
<arg>Authorization=${auth}</arg>
<doc>Creates and returns a dictionary based on the given ``items``.</doc>
<msg timestamp="20240713 09:34:12.406" level="INFO">${headers} = {'Authorization': 'Bearer BQCOOqTlc5pQZyd6mm_csCPQawmhLJdJrfZUHdo_RfAnhL45k-I7VH2NKZuKoaqQeQ7JZugI3iOSjIudzfwTGRuPQDsRQaMnLc-1vfWKq4AZfbKgbAc8UNJTE7COUyKe7LusV17cgioJTk2hKYz_AzFp4TZVx0-uViGhNYAL3YjYCv...</msg>
<status status="PASS" starttime="20240713 09:34:12.405" endtime="20240713 09:34:12.406"/>
</kw>
<kw name="GET" library="RequestsLibrary">
<var>${response}</var>
<arg>${url_spotify}/v1/tracks/2TpxZ7JUBn3uw46aR7qd6V</arg>
<arg>headers=${headers}</arg>
<doc>Sends a GET request.</doc>
<msg timestamp="20240713 09:34:12.834" level="INFO">GET Request : url=https://api.spotify.com/v1/tracks/2TpxZ7JUBn3uw46aR7qd6V 
 path_url=/v1/tracks/2TpxZ7JUBn3uw46aR7qd6V 
 headers={'User-Agent': 'python-requests/2.32.2', 'Accept-Encoding': 'gzip, deflate', 'Accept': '*/*', 'Connection': 'keep-alive', 'Authorization': 'Bearer BQCOOqTlc5pQZyd6mm_csCPQawmhLJdJrfZUHdo_RfAnhL45k-I7VH2NKZuKoaqQeQ7JZugI3iOSjIudzfwTGRuPQDsRQaMnLc-1vfWKq4AZfbKgbAc8UNJTE7COUyKe7LusV17cgioJTk2hKYz_AzFp4TZVx0-uViGhNYAL3YjYCv6FUhsvCRfju_XT0JStB-SeHZmcf4arj9UhfjAbIsP9wpUxnoN-bpnkRnl8zNbb4Uo7jp6EMdTscnoyGt7gCw'} 
 body=None 
 </msg>
<msg timestamp="20240713 09:34:12.834" level="INFO">GET Response : url=https://api.spotify.com/v1/tracks/2TpxZ7JUBn3uw46aR7qd6V 
 status=401, reason=Unauthorized 
 headers={'www-authenticate': 'Bearer realm="spotify", error="invalid_token", error_description="The access token expired"', 'access-control-allow-origin': '*', 'access-control-allow-headers': 'Accept, App-Platform, Authorization, Content-Type, Origin, Retry-After, Spotify-App-Version, X-Cloud-Trace-Context, client-token, content-access-token', 'access-control-allow-methods': 'GET, POST, OPTIONS, PUT, DELETE, PATCH', 'access-control-allow-credentials': 'true', 'access-control-max-age': '604800', 'content-type': 'application/json', 'content-encoding': 'gzip', 'strict-transport-security': 'max-age=31536000', 'x-content-type-options': 'nosniff', 'date': 'Sat, 13 Jul 2024 12:34:11 GMT', 'server': 'envoy', 'Via': 'HTTP/2 edgeproxy, 1.1 google', 'Alt-Svc': 'h3=":443"; ma=2592000,h3-29=":443"; ma=2592000', 'Transfer-Encoding': 'chunked'} 
 body={
  "error": {
    "status": 401,
    "message": "The access token expired"
  }
} 
 </msg>
<msg timestamp="20240713 09:34:12.834" level="FAIL">HTTPError: 401 Client Error: Unauthorized for url: https://api.spotify.com/v1/tracks/2TpxZ7JUBn3uw46aR7qd6V</msg>
<status status="FAIL" starttime="20240713 09:34:12.406" endtime="20240713 09:34:12.836"/>
</kw>
<kw name="Log" library="BuiltIn">
<arg>${auth}</arg>
<doc>Logs the given message with the given level.</doc>
<status status="NOT RUN" starttime="20240713 09:34:12.836" endtime="20240713 09:34:12.836"/>
</kw>
<status status="FAIL" starttime="20240713 09:34:12.405" endtime="20240713 09:34:12.836"/>
</kw>
<kw name="Status Should Be" library="RequestsLibrary">
<arg>200</arg>
<arg>${response}</arg>
<doc>Fails if response status code is different than the expected.</doc>
<status status="NOT RUN" starttime="20240713 09:34:12.837" endtime="20240713 09:34:12.837"/>
</kw>
<status status="FAIL" starttime="20240713 09:34:12.405" endtime="20240713 09:34:12.837">HTTPError: 401 Client Error: Unauthorized for url: https://api.spotify.com/v1/tracks/2TpxZ7JUBn3uw46aR7qd6V</status>
</test>
<status status="FAIL" starttime="20240713 09:34:12.337" endtime="20240713 09:34:12.838"/>
</suite>
<statistics>
<total>
<stat pass="0" fail="1" skip="0">All Tests</stat>
</total>
<tag>
</tag>
<suite>
<stat pass="0" fail="1" skip="0" id="s1" name="Tracks">Tracks</stat>
</suite>
</statistics>
<errors>
</errors>
</robot>
